<?xml version="1.0" encoding="UTF-8"?>
<testsuite xmlns:xsi="http://www.w3.org/2001/XMLSchema-instance" xsi:noNamespaceSchemaLocation="https://maven.apache.org/surefire/maven-surefire-plugin/xsd/surefire-test-report.xsd" name="TestSuite" time="51.613" tests="3" errors="0" skipped="0" failures="1">
  <properties>
[...]
</properties>
  <testcase name="validateTitle" classname="insurity.ValidateCaption" time="0.654">
    <failure message="expected [/////WHY WEâ€™RE DIFFERENT] but found [WHY WE’RE DIFFERENT]" type="java.lang.AssertionError">java.lang.AssertionError: expected [/////WHY WEâ€™RE DIFFERENT] but found [WHY WE’RE DIFFERENT]
	at insurity.ValidateCaption.validateTitle(ValidateCaption.java:29)
</failure>
    <system-out><![CDATA[[TestNGContentHandler] [WARN] It is strongly recommended to add "<!DOCTYPE suite SYSTEM "http://testng.org/testng-1.0.dtd" >" at the top of your file, otherwise TestNG may fail or not work as expected.
]]></system-out>
    <system-err><![CDATA[Starting ChromeDriver 90.0.4430.24 (4c6d850f087da467d926e8eddb76550aed655991-refs/branch-heads/4430@{#429}) on port 36202
Only locStaal rctoing nChnectionsr are aolmeDlowed.
Plreiase see httvpesr: //chr9o0med.0.r44i3ver.ch0rom.ium.2org/security-c4ons iderations for suggestions on (keeping ChromeDriver safe.
4c6d850f087da467d926e8eddb76550aed655991-refs/branch-heads/4430@{#429}) on port 48974
Only local connections are allowed.
Please see https://chromedriver.chromium.org/security-considerations for suggestions on keeping ChromeDriver safe.
ChromeDriver was started successfully.
ChromeDriver was started successfully.
Jul 07, 2021 10:20:46 AM org.openqa.selenium.remote.ProtocolHandshake createSession
INFO: Detected dialect: W3C
Jul 07, 2021 10:20:52 AM org.openqa.selenium.remote.ProtocolHandshake createSession
INFO: Detected dialect: W3C
]]></system-err>
  </testcase>
  <testcase name="basePageNavigation" classname="insurity.HomePage" time="12.266"/>
  <testcase name="basePageNavigation" classname="insurity.HomePage" time="8.707"/>
</testsuite>