-------------------------------------------------------------------------------
Test set: TestSuite
-------------------------------------------------------------------------------
Tests run: 3, Failures: 1, Errors: 0, Skipped: 0, Time elapsed: 51.613 s <<< FAILURE! - in TestSuite
validateTitle(insurity.ValidateCaption)  Time elapsed: 0.654 s  <<< FAILURE!
java.lang.AssertionError: expected [/////WHY WEâ€™RE DIFFERENT] but found [WHY WE’RE DIFFERENT]
	at insurity.ValidateCaption.validateTitle(ValidateCaption.java:29)

